<?xml version="1.0" encoding="UTF-8"?>
<!-- Generated by org.testng.reporters.JUnitXMLReporter -->
<testsuite hostname="Karthick-TM" ignored="0" name="digitalflow" tests="3" failures="1" timestamp="06 Jan 2019 03:31:23 GMT" time="0.031" errors="0">
  <testcase name="API_FIVE" time="0.0" classname="com.edr.businesscomponents.EdrDigitalFlow"/>
  <testcase name="API_SIX" time="0.0" classname="com.edr.businesscomponents.EdrDigitalFlow">
    <failure type="java.lang.AssertionError" message="expected [true] but found [false]">
      <![CDATA[java.lang.AssertionError: expected [true] but found [false]
at com.edr.businesscomponents.EdrDigitalFlow.API_SIX(EdrDigitalFlow.java:17)
... Removed 29 stack frames]]>
    </failure>
  </testcase> <!-- API_SIX -->
  <testcase name="API_SEVEN" time="0.0" classname="com.edr.businesscomponents.EdrDigitalFlow">
    <skipped/>
  </testcase> <!-- API_SEVEN -->
</testsuite> <!-- digitalflow -->
