<?xml version="1.0" encoding="UTF-8"?>
<!-- Generated by org.testng.reporters.JUnitXMLReporter -->
<testsuite hostname="Karthick-TM" ignored="0" name="edr case creation" tests="4" failures="2" timestamp="06 Jan 2019 03:31:22 GMT" time="0.087" errors="0">
  <testcase name="API_ONE" time="0.0" classname="com.edr.businesscomponents.EdrCaseCreation">
    <failure type="java.lang.AssertionError" message="expected [true] but found [false]">
      <![CDATA[java.lang.AssertionError: expected [true] but found [false]
at com.edr.businesscomponents.EdrCaseCreation.API_ONE(EdrCaseCreation.java:13)
... Removed 29 stack frames]]>
    </failure>
  </testcase> <!-- API_ONE -->
  <testcase name="API_TWO" time="0.002" classname="com.edr.businesscomponents.EdrCaseCreation">
    <failure type="java.lang.AssertionError" message="expected [true] but found [false]">
      <![CDATA[java.lang.AssertionError: expected [true] but found [false]
at com.edr.businesscomponents.EdrCaseCreation.API_TWO(EdrCaseCreation.java:17)
... Removed 29 stack frames]]>
    </failure>
  </testcase> <!-- API_TWO -->
  <testcase name="API_THREE" time="0.001" classname="com.edr.businesscomponents.EdrCaseCreation">
    <skipped/>
  </testcase> <!-- API_THREE -->
  <testcase name="API_FOUR" time="0.0" classname="com.edr.businesscomponents.EdrCaseCreation">
    <skipped/>
  </testcase> <!-- API_FOUR -->
</testsuite> <!-- edr case creation -->
