<?xml version="1.0" encoding="UTF-8"?>
<!-- Generated by org.testng.reporters.JUnitXMLReporter -->
<testsuite hostname="Karthick-TM" ignored="0" name="Exception_1" tests="10" failures="10" timestamp="09 Feb 2019 18:31:14 GMT" time="3.635" errors="0">
  <testcase name="@AfterTest tearDown" time="0.0" classname="com.edr.businesscomponents.BaseClass">
    <failure type="java.lang.NullPointerException">
      <![CDATA[java.lang.NullPointerException
at com.edr.businesscomponents.BaseClass.tearDown(BaseClass.java:62)
... Removed 24 stack frames]]>
    </failure>
  </testcase> <!-- @AfterTest tearDown -->
  <testcase name="API_Method" time="0.016" classname="com.edr.businesscomponents.EdrFlow1">
    <failure type="java.lang.NullPointerException">
      <![CDATA[java.lang.NullPointerException
at com.edr.businesscomponents.EdrFlow1.getCRN(EdrFlow1.java:59)
at com.edr.businesscomponents.EdrFlow1.API_Method(EdrFlow1.java:45)
at java.util.concurrent.FutureTask.run(Unknown Source)
at java.util.concurrent.Executors$RunnableAdapter.call(Unknown Source)
at java.util.concurrent.FutureTask.run(Unknown Source)
at java.util.concurrent.ThreadPoolExecutor.runWorker(Unknown Source)
at java.util.concurrent.ThreadPoolExecutor$Worker.run(Unknown Source)
at java.lang.Thread.run(Unknown Source)
... Removed 9 stack frames]]>
    </failure>
  </testcase> <!-- API_Method -->
  <testcase name="API_Method" time="0.016" classname="com.edr.businesscomponents.EdrFlow1">
    <failure type="java.lang.NullPointerException">
      <![CDATA[java.lang.NullPointerException
at com.edr.businesscomponents.EdrFlow1.getCRN(EdrFlow1.java:59)
at com.edr.businesscomponents.EdrFlow1.API_Method(EdrFlow1.java:45)
at java.util.concurrent.FutureTask.run(Unknown Source)
at java.util.concurrent.Executors$RunnableAdapter.call(Unknown Source)
at java.util.concurrent.FutureTask.run(Unknown Source)
at java.util.concurrent.ThreadPoolExecutor.runWorker(Unknown Source)
at java.util.concurrent.ThreadPoolExecutor$Worker.run(Unknown Source)
at java.lang.Thread.run(Unknown Source)
... Removed 9 stack frames]]>
    </failure>
  </testcase> <!-- API_Method -->
  <testcase name="API_Method" time="0.011" classname="com.edr.businesscomponents.EdrFlow1">
    <failure type="java.lang.NullPointerException">
      <![CDATA[java.lang.NullPointerException
at com.edr.businesscomponents.EdrFlow1.getCRN(EdrFlow1.java:59)
at com.edr.businesscomponents.EdrFlow1.API_Method(EdrFlow1.java:45)
at java.util.concurrent.FutureTask.run(Unknown Source)
at java.util.concurrent.Executors$RunnableAdapter.call(Unknown Source)
at java.util.concurrent.FutureTask.run(Unknown Source)
at java.util.concurrent.ThreadPoolExecutor.runWorker(Unknown Source)
at java.util.concurrent.ThreadPoolExecutor$Worker.run(Unknown Source)
at java.lang.Thread.run(Unknown Source)
... Removed 9 stack frames]]>
    </failure>
  </testcase> <!-- API_Method -->
  <testcase name="API_Method" time="0.011" classname="com.edr.businesscomponents.EdrFlow1">
    <failure type="java.lang.NullPointerException">
      <![CDATA[java.lang.NullPointerException
at com.edr.businesscomponents.EdrFlow1.getCRN(EdrFlow1.java:59)
at com.edr.businesscomponents.EdrFlow1.API_Method(EdrFlow1.java:45)
at java.util.concurrent.FutureTask.run(Unknown Source)
at java.util.concurrent.Executors$RunnableAdapter.call(Unknown Source)
at java.util.concurrent.FutureTask.run(Unknown Source)
at java.util.concurrent.ThreadPoolExecutor.runWorker(Unknown Source)
at java.util.concurrent.ThreadPoolExecutor$Worker.run(Unknown Source)
at java.lang.Thread.run(Unknown Source)
... Removed 9 stack frames]]>
    </failure>
  </testcase> <!-- API_Method -->
  <testcase name="API_Method" time="0.013" classname="com.edr.businesscomponents.EdrFlow1">
    <failure type="java.lang.NullPointerException">
      <![CDATA[java.lang.NullPointerException
at com.edr.businesscomponents.EdrFlow1.getCRN(EdrFlow1.java:59)
at com.edr.businesscomponents.EdrFlow1.API_Method(EdrFlow1.java:45)
at java.util.concurrent.FutureTask.run(Unknown Source)
at java.util.concurrent.Executors$RunnableAdapter.call(Unknown Source)
at java.util.concurrent.FutureTask.run(Unknown Source)
at java.util.concurrent.ThreadPoolExecutor.runWorker(Unknown Source)
at java.util.concurrent.ThreadPoolExecutor$Worker.run(Unknown Source)
at java.lang.Thread.run(Unknown Source)
... Removed 9 stack frames]]>
    </failure>
  </testcase> <!-- API_Method -->
  <testcase name="API_Method" time="0.033" classname="com.edr.businesscomponents.EdrFlow1">
    <failure type="java.lang.NullPointerException">
      <![CDATA[java.lang.NullPointerException
at com.edr.businesscomponents.EdrFlow1.getCRN(EdrFlow1.java:59)
at com.edr.businesscomponents.EdrFlow1.API_Method(EdrFlow1.java:45)
at java.util.concurrent.FutureTask.run(Unknown Source)
at java.util.concurrent.Executors$RunnableAdapter.call(Unknown Source)
at java.util.concurrent.FutureTask.run(Unknown Source)
at java.util.concurrent.ThreadPoolExecutor.runWorker(Unknown Source)
at java.util.concurrent.ThreadPoolExecutor$Worker.run(Unknown Source)
at java.lang.Thread.run(Unknown Source)
... Removed 9 stack frames]]>
    </failure>
  </testcase> <!-- API_Method -->
  <testcase name="API_Method" time="0.049" classname="com.edr.businesscomponents.EdrFlow1">
    <failure type="java.lang.NullPointerException">
      <![CDATA[java.lang.NullPointerException
at com.edr.businesscomponents.EdrFlow1.getCRN(EdrFlow1.java:59)
at com.edr.businesscomponents.EdrFlow1.API_Method(EdrFlow1.java:45)
at java.util.concurrent.FutureTask.run(Unknown Source)
at java.util.concurrent.Executors$RunnableAdapter.call(Unknown Source)
at java.util.concurrent.FutureTask.run(Unknown Source)
at java.util.concurrent.ThreadPoolExecutor.runWorker(Unknown Source)
at java.util.concurrent.ThreadPoolExecutor$Worker.run(Unknown Source)
at java.lang.Thread.run(Unknown Source)
... Removed 9 stack frames]]>
    </failure>
  </testcase> <!-- API_Method -->
  <testcase name="API_Method" time="0.051" classname="com.edr.businesscomponents.EdrFlow1">
    <failure type="java.lang.NullPointerException">
      <![CDATA[java.lang.NullPointerException
at com.edr.businesscomponents.EdrFlow1.getCRN(EdrFlow1.java:59)
at com.edr.businesscomponents.EdrFlow1.API_Method(EdrFlow1.java:45)
at java.util.concurrent.FutureTask.run(Unknown Source)
at java.util.concurrent.Executors$RunnableAdapter.call(Unknown Source)
at java.util.concurrent.FutureTask.run(Unknown Source)
at java.util.concurrent.ThreadPoolExecutor.runWorker(Unknown Source)
at java.util.concurrent.ThreadPoolExecutor$Worker.run(Unknown Source)
at java.lang.Thread.run(Unknown Source)
... Removed 9 stack frames]]>
    </failure>
  </testcase> <!-- API_Method -->
  <testcase name="API_Method" time="0.054" classname="com.edr.businesscomponents.EdrFlow1">
    <failure type="java.lang.NullPointerException">
      <![CDATA[java.lang.NullPointerException
at com.edr.businesscomponents.EdrFlow1.getCRN(EdrFlow1.java:59)
at com.edr.businesscomponents.EdrFlow1.API_Method(EdrFlow1.java:45)
at java.util.concurrent.FutureTask.run(Unknown Source)
at java.util.concurrent.Executors$RunnableAdapter.call(Unknown Source)
at java.util.concurrent.FutureTask.run(Unknown Source)
at java.util.concurrent.ThreadPoolExecutor.runWorker(Unknown Source)
at java.util.concurrent.ThreadPoolExecutor$Worker.run(Unknown Source)
at java.lang.Thread.run(Unknown Source)
... Removed 9 stack frames]]>
    </failure>
  </testcase> <!-- API_Method -->
  <testcase name="API_Method" time="0.056" classname="com.edr.businesscomponents.EdrFlow1">
    <failure type="java.lang.NullPointerException">
      <![CDATA[java.lang.NullPointerException
at com.edr.businesscomponents.EdrFlow1.getCRN(EdrFlow1.java:59)
at com.edr.businesscomponents.EdrFlow1.API_Method(EdrFlow1.java:45)
at java.util.concurrent.FutureTask.run(Unknown Source)
at java.util.concurrent.Executors$RunnableAdapter.call(Unknown Source)
at java.util.concurrent.FutureTask.run(Unknown Source)
at java.util.concurrent.ThreadPoolExecutor.runWorker(Unknown Source)
at java.util.concurrent.ThreadPoolExecutor$Worker.run(Unknown Source)
at java.lang.Thread.run(Unknown Source)
... Removed 9 stack frames]]>
    </failure>
  </testcase> <!-- API_Method -->
</testsuite> <!-- Exception_1 -->
