<?xml version="1.0" encoding="UTF-8"?>
<!-- Generated by org.testng.reporters.JUnitXMLReporter -->
<testsuite hostname="Karthick-TM" ignored="5" name="edr case creation" tests="2" failures="1" timestamp="05 Jan 2019 21:00:32 GMT" time="0.074" errors="0">
  <testcase name="API_ONE" time="0.015" classname="com.edr.businesscomponents.EdrCaseCreation">
    <failure type="java.lang.AssertionError" message="expected [true] but found [false]">
      <![CDATA[java.lang.AssertionError: expected [true] but found [false]
at com.edr.businesscomponents.EdrCaseCreation.API_ONE(EdrCaseCreation.java:9)
... Removed 29 stack frames]]>
    </failure>
  </testcase> <!-- API_ONE -->
  <testcase name="API_SIX" time="0.0" classname="com.edr.businesscomponents.EdrDigitalFlow">
    <skipped/>
  </testcase> <!-- API_SIX -->
  <testcase name="API_THREE" time="0.0" classname="com.edr.businesscomponents.EdrCaseCreation">
    <ignored/>
  </testcase> <!-- API_THREE -->
  <testcase name="API_TWO" time="0.0" classname="com.edr.businesscomponents.EdrCaseCreation">
    <ignored/>
  </testcase> <!-- API_TWO -->
  <testcase name="API_FIVE" time="0.0" classname="com.edr.businesscomponents.EdrDigitalFlow">
    <ignored/>
  </testcase> <!-- API_FIVE -->
  <testcase name="API_SEVEN" time="0.0" classname="com.edr.businesscomponents.EdrDigitalFlow">
    <ignored/>
  </testcase> <!-- API_SEVEN -->
  <testcase name="API_FOUR" time="0.0" classname="com.edr.businesscomponents.EdrCaseCreation">
    <ignored/>
  </testcase> <!-- API_FOUR -->
</testsuite> <!-- edr case creation -->
